<?xml version="1.0" encoding="UTF-8"?>
<robot generator="Robot 7.3.2 (Python 3.12.0 on win32)" generated="2025-10-05T17:13:00.681247" rpa="false" schemaversion="5">
<suite id="s1" name="Test Users Api" source="C:\Users\Michał\Documents\Programowanie\qa-poc-robotframework\tests\api\test_users_api.robot">
<test id="s1-t1" name="Get Single User Should Return 200" line="5">
<kw name="User Should Exist" owner="api_keywords">
<kw name="Get User By Id" owner="UserAPI">
<msg time="2025-10-05T17:13:01.010627" level="INFO">${response} = &lt;Response [200]&gt;</msg>
<var>${response}</var>
<arg>${user_id}</arg>
<status status="PASS" start="2025-10-05T17:13:00.749824" elapsed="0.260803"/>
</kw>
<kw name="Should Be Equal As Integers" owner="BuiltIn">
<msg time="2025-10-05T17:13:01.011627" level="INFO">Argument types are:
&lt;class 'int'&gt;
&lt;class 'str'&gt;</msg>
<arg>${response.status_code}</arg>
<arg>200</arg>
<doc>Fails if objects are unequal after converting them to integers.</doc>
<status status="PASS" start="2025-10-05T17:13:01.010627" elapsed="0.001000"/>
</kw>
<kw name="Get User Json By Id" owner="UserAPI">
<msg time="2025-10-05T17:13:01.258549" level="INFO">${json} = {'id': 1, 'name': 'Leanne Graham', 'username': 'Bret', 'email': 'Sincere@april.biz', 'address': {'street': 'Kulas Light', 'suite': 'Apt. 556', 'city': 'Gwenborough', 'zipcode': '92998-3874', 'geo': {'...</msg>
<var>${json}</var>
<arg>${user_id}</arg>
<status status="PASS" start="2025-10-05T17:13:01.011627" elapsed="0.246922"/>
</kw>
<kw name="Dictionary Should Contain Key" owner="Collections">
<arg>${json}</arg>
<arg>id</arg>
<doc>Fails if ``key`` is not found from ``dictionary``.</doc>
<status status="PASS" start="2025-10-05T17:13:01.259554" elapsed="0.000000"/>
</kw>
<arg>1</arg>
<status status="PASS" start="2025-10-05T17:13:00.749824" elapsed="0.509730"/>
</kw>
<status status="PASS" start="2025-10-05T17:13:00.748825" elapsed="0.510729"/>
</test>
<test id="s1-t2" name="Create New Dummy User Should Return 201" line="8">
<kw name="Create Dummy User" owner="api_keywords">
<kw name="Create Dictionary" owner="BuiltIn">
<msg time="2025-10-05T17:13:01.260551" level="INFO">${payload} = {'name': 'QA Test', 'username': 'qaqa', 'email': 'qa@example.com'}</msg>
<var>${payload}</var>
<arg>name=QA Test</arg>
<arg>username=qaqa</arg>
<arg>email=qa@example.com</arg>
<doc>Creates and returns a dictionary based on the given ``items``.</doc>
<status status="PASS" start="2025-10-05T17:13:01.260551" elapsed="0.000000"/>
</kw>
<kw name="Create User" owner="UserAPI">
<msg time="2025-10-05T17:13:01.608611" level="INFO">${response} = &lt;Response [201]&gt;</msg>
<var>${response}</var>
<arg>${payload}</arg>
<status status="PASS" start="2025-10-05T17:13:01.261550" elapsed="0.347061"/>
</kw>
<kw name="Should Be Equal As Integers" owner="BuiltIn">
<msg time="2025-10-05T17:13:01.608611" level="INFO">Argument types are:
&lt;class 'int'&gt;
&lt;class 'str'&gt;</msg>
<arg>${response.status_code}</arg>
<arg>201</arg>
<doc>Fails if objects are unequal after converting them to integers.</doc>
<status status="PASS" start="2025-10-05T17:13:01.608611" elapsed="0.000000"/>
</kw>
<status status="PASS" start="2025-10-05T17:13:01.260551" elapsed="0.348060"/>
</kw>
<status status="PASS" start="2025-10-05T17:13:01.260551" elapsed="0.349060"/>
</test>
<status status="PASS" start="2025-10-05T17:13:00.682246" elapsed="0.927365"/>
</suite>
<statistics>
<total>
<stat pass="2" fail="0" skip="0">All Tests</stat>
</total>
<tag>
</tag>
<suite>
<stat name="Test Users Api" id="s1" pass="2" fail="0" skip="0">Test Users Api</stat>
</suite>
</statistics>
<errors>
</errors>
</robot>
